Name              Stmts   Miss Branch BrPart  Cover   Missing
-------------------------------------------------------------
core/board.py       144      2     56      7    96%   73->75, 90->92, 113->112, 123->126, 124->123, 153, 179
core/checker.py     120      1     38      1    99%   171
core/player.py       85      3     18      3    94%   21, 29, 99
-------------------------------------------------------------
TOTAL               369      6    114     11    96%

1 file skipped due to complete coverage.
